Build started 22.06.2016 14:14:46.
     1>Project "C:\Tetris-master\Tetris-master\projekt2vs15.vcxproj" on node 2 (Build target(s)).
     1>C:\Program Files (x86)\MSBuild\Microsoft.Cpp\v4.0\V140\Microsoft.CppBuild.targets(392,5): warning MSB8028: The intermediate directory (Debug\) contains files shared from another project (projekt2vs10.vcxproj, projekt2vs13.vcxproj).  This can lead to incorrect clean and rebuild behavior.
     1>Link:
         projekt2vs15.vcxproj -> C:\Tetris-master\Tetris-master\Debug\projekt2vs15.exe
       PostBuildEvent:
         copy /y "C:\Tetris-master\Tetris-master\sdl\winlib15\*.dll" C:\Tetris-master\Tetris-master\Debug\"
         copy /y "C:\Tetris-master\Tetris-master\*.bmp" C:\Tetris-master\Tetris-master\Debug\"
         :VCEnd
         C:\Tetris-master\Tetris-master\sdl\winlib15\concrt140.dll
         C:\Tetris-master\Tetris-master\sdl\winlib15\libFLAC-8.dll
         C:\Tetris-master\Tetris-master\sdl\winlib15\libmodplug-1.dll
         C:\Tetris-master\Tetris-master\sdl\winlib15\libogg-0.dll
         C:\Tetris-master\Tetris-master\sdl\winlib15\libvorbis-0.dll
         C:\Tetris-master\Tetris-master\sdl\winlib15\libvorbisfile-3.dll
         C:\Tetris-master\Tetris-master\sdl\winlib15\SDL2.dll
         C:\Tetris-master\Tetris-master\sdl\winlib15\SDL2_mixer.dll
         C:\Tetris-master\Tetris-master\sdl\winlib15\smpeg2.dll
         C:\Tetris-master\Tetris-master\sdl\winlib15\vccorlib140.dll
         C:\Tetris-master\Tetris-master\sdl\winlib15\vcruntime140.dll
                11 file(s) copied.
         C:\Tetris-master\Tetris-master\cs8x8.bmp
         C:\Tetris-master\Tetris-master\eti.bmp
                 2 file(s) copied.
     1>Done Building Project "C:\Tetris-master\Tetris-master\projekt2vs15.vcxproj" (Build target(s)).

Build succeeded.

Time Elapsed 00:00:00.07
